#
# There is insufficient memory for the Java Runtime Environment to continue.
# Native memory allocation (mmap) failed to map 27262976 bytes for Failed to commit area from 0x0000000089400000 to 0x000000008ae00000 of length 27262976.
# Possible reasons:
#   The system is out of physical RAM or swap space
#   The process is running with CompressedOops enabled, and the Java Heap may be blocking the growth of the native heap
# Possible solutions:
#   Reduce memory load on the system
#   Increase physical memory or swap space
#   Check if swap backing store is full
#   Decrease Java heap size (-Xmx/-Xms)
#   Decrease number of Java threads
#   Decrease Java thread stack sizes (-Xss)
#   Set larger code cache with -XX:ReservedCodeCacheSize=
#   JVM is running with Unscaled Compressed Oops mode in which the Java heap is
#     placed in the first 4GB address space. The Java Heap base address is the
#     maximum limit for the native heap growth. Please use -XX:HeapBaseMinAddress
#     to set the Java Heap base and to place the Java Heap above 4GB virtual address.
# This output file may be truncated or incomplete.
#
#  Out of Memory Error (./open/src/hotspot/os/windows/os_windows.cpp:3273), pid=15984, tid=3856
#
# JRE version: Java(TM) SE Runtime Environment 18.9 (11.0.12+8) (build 11.0.12+8-LTS-237)
# Java VM: Java HotSpot(TM) 64-Bit Server VM 18.9 (11.0.12+8-LTS-237, mixed mode, tiered, compressed oops, g1 gc, windows-amd64)
# No core dump will be written. Minidumps are not enabled by default on client versions of Windows
#

---------------  S U M M A R Y ------------

Command Line: -Dcom.sun.management.jmxremote -Dcom.sun.management.jmxremote.port=2126 -Dcom.sun.management.jmxremote.authenticate=false -Dcom.sun.management.jmxremote.ssl=false -Djava.rmi.server.hostname=localhost -Dspring.jmx.enabled=true -Dspring.application.admin.enabled=true -XX:TieredStopAtLevel=1 -Dspring.boot.project.name=final_pj -Dfile.encoding=UTF-8 com.project.board.BoardApplication --spring.output.ansi.enabled=always

Host: Intel(R) Core(TM) i3-5005U CPU @ 2.00GHz, 4 cores, 7G,  Windows 10 , 64 bit Build 19041 (10.0.19041.1348)
Time: Mon Feb 14 16:57:51 2022 渠и團措 ル遽衛 elapsed time: 13.399665 seconds (0d 0h 0m 13s)

---------------  T H R E A D  ---------------

Current thread (0x000001c8b96fc800):  VMThread "VM Thread" [stack: 0x0000005037400000,0x0000005037500000] [id=3856]

Stack: [0x0000005037400000,0x0000005037500000]
[error occurred during error reporting (printing stack bounds), id 0xc0000005, EXCEPTION_ACCESS_VIOLATION (0xc0000005) at pc=0x000001c8a36e0f2d]

Native frames: (J=compiled Java code, j=interpreted, Vv=VM code, C=native code)
V  [jvm.dll+0x617d9a]
V  [jvm.dll+0x74eeef]
V  [jvm.dll+0x750599]
V  [jvm.dll+0x750b85]
V  [jvm.dll+0x750b3b]
V  [jvm.dll+0x6175d3]
V  [jvm.dll+0x617998]
C  [ntdll.dll+0xa20cf]
C  [ntdll.dll+0x51454]
C  [ntdll.dll+0xa0bfe]
C  0x000001c8a36e0f2d

VM_Operation (0x00000050392ff0c0): G1CollectForAllocation, mode: safepoint, requested by thread 0x000001c8ba95a000


---------------  P R O C E S S  ---------------

Threads class SMR info:
_java_thread_list=0x000001c8bba750d0, length=24, elements={
0x000001c89b21e000, 0x000001c8b9724000, 0x000001c8b972f000, 0x000001c8b9754000,
0x000001c8b9755000, 0x000001c8b9757000, 0x000001c8b975c000, 0x000001c8ba05e000,
0x000001c8b96b7000, 0x000001c8ba66d000, 0x000001c8ba669000, 0x000001c8ba6b2800,
0x000001c8baa23800, 0x000001c8baa3d800, 0x000001c8baa3f800, 0x000001c8baa3b000,
0x000001c8bab0b800, 0x000001c8bab1f800, 0x000001c8bbc3b000, 0x000001c8bbc38800,
0x000001c8bbc39800, 0x000001c8bbc3a000, 0x000001c8ba959000, 0x000001c8ba95a000
}

Java Threads: ( => current thread )
  0x000001c89b21e000 JavaThread "main" [_thread_blocked, id=3008, stack(0x0000005036e00000,0x0000005036f00000)]
  0x000001c8b9724000 JavaThread "Reference Handler" daemon [_thread_blocked, id=19096, stack(0x0000005037500000,0x0000005037600000)]
  0x000001c8b972f000 JavaThread "Finalizer" daemon [_thread_blocked, id=3356, stack(0x0000005037600000,0x0000005037700000)]
  0x000001c8b9754000 JavaThread "Signal Dispatcher" daemon [_thread_blocked, id=16736, stack(0x0000005037700000,0x0000005037800000)]
  0x000001c8b9755000 JavaThread "Attach Listener" daemon [_thread_blocked, id=12040, stack(0x0000005037800000,0x0000005037900000)]
  0x000001c8b9757000 JavaThread "Service Thread" daemon [_thread_blocked, id=17296, stack(0x0000005037900000,0x0000005037a00000)]
  0x000001c8b975c000 JavaThread "C1 CompilerThread0" daemon [_thread_blocked, id=11556, stack(0x0000005037a00000,0x0000005037b00000)]
  0x000001c8ba05e000 JavaThread "Sweeper thread" daemon [_thread_blocked, id=4896, stack(0x0000005037b00000,0x0000005037c00000)]
  0x000001c8b96b7000 JavaThread "Common-Cleaner" daemon [_thread_blocked, id=11388, stack(0x0000005037c00000,0x0000005037d00000)]
  0x000001c8ba66d000 JavaThread "RMI TCP Accept-0" daemon [_thread_in_native, id=560, stack(0x0000005037e00000,0x0000005037f00000)]
  0x000001c8ba669000 JavaThread "RMI TCP Accept-2126" daemon [_thread_in_native, id=2416, stack(0x0000005037f00000,0x0000005038000000)]
  0x000001c8ba6b2800 JavaThread "RMI TCP Accept-0" daemon [_thread_in_native, id=14436, stack(0x0000005038000000,0x0000005038100000)]
  0x000001c8baa23800 JavaThread "RMI TCP Connection(1)-127.0.0.1" daemon [_thread_in_native, id=9580, stack(0x0000005038500000,0x0000005038600000)]
  0x000001c8baa3d800 JavaThread "RMI Scheduler(0)" daemon [_thread_blocked, id=15100, stack(0x0000005038600000,0x0000005038700000)]
  0x000001c8baa3f800 JavaThread "RMI TCP Connection(2)-127.0.0.1" daemon [_thread_in_native, id=6528, stack(0x0000005038700000,0x0000005038800000)]
  0x000001c8baa3b000 JavaThread "JMX server connection timeout 19" daemon [_thread_blocked, id=8220, stack(0x0000005038800000,0x0000005038900000)]
  0x000001c8bab0b800 JavaThread "Thread-0" [_thread_blocked, id=13888, stack(0x0000005038900000,0x0000005038a00000)]
  0x000001c8bab1f800 JavaThread "restartedMain" [_thread_blocked, id=16016, stack(0x0000005038a00000,0x0000005038b00000)]
  0x000001c8bbc3b000 JavaThread "Catalina-utility-1" [_thread_blocked, id=5924, stack(0x0000005038c00000,0x0000005038d00000)]
  0x000001c8bbc38800 JavaThread "Catalina-utility-2" [_thread_blocked, id=6424, stack(0x0000005038d00000,0x0000005038e00000)]
  0x000001c8bbc39800 JavaThread "container-0" [_thread_blocked, id=4428, stack(0x0000005038e00000,0x0000005038f00000)]
  0x000001c8bbc3a000 JavaThread "mysql-cj-abandoned-connection-cleanup" daemon [_thread_blocked, id=13080, stack(0x0000005038f00000,0x0000005039000000)]
  0x000001c8ba959000 JavaThread "File Watcher" daemon [_thread_blocked, id=18512, stack(0x0000005039000000,0x0000005039100000)]
  0x000001c8ba95a000 JavaThread "Live Reload Server" daemon [_thread_blocked, id=5816, stack(0x0000005039200000,0x0000005039300000)]

Other Threads:
=>0x000001c8b96fc800 VMThread "VM Thread" [stack: 0x0000005037400000,0x0000005037500000] [id=3856]
  0x000001c8ba6bc000 WatcherThread [stack: 0x0000005038100000,0x0000005038200000] [id=13756]
  0x000001c89b235800 GCTaskThread "GC Thread#0" [stack: 0x0000005036f00000,0x0000005037000000] [id=19228]
  0x000001c8ba6ff000 GCTaskThread "GC Thread#1" [stack: 0x0000005038200000,0x0000005038300000] [id=12604]
  0x000001c8ba700000 GCTaskThread "GC Thread#2" [stack: 0x0000005038300000,0x0000005038400000] [id=14924]
  0x000001c8bab4a800 GCTaskThread "GC Thread#3" [stack: 0x0000005038b00000,0x0000005038c00000] [id=19176]
  0x000001c89b265800 ConcurrentGCThread "G1 Main Marker" [stack: 0x0000005037000000,0x0000005037100000] [id=15996]
  0x000001c89b269800 ConcurrentGCThread "G1 Conc#0" [stack: 0x0000005037100000,0x0000005037200000] [id=13852]
  0x000001c89b2f7000 ConcurrentGCThread "G1 Refine#0" [stack: 0x0000005037200000,0x0000005037300000] [id=11368]
  0x000001c8ba3c4800 ConcurrentGCThread "G1 Refine#1" [stack: 0x0000005038400000,0x0000005038500000] [id=18336]
  0x000001c89b2f9000 ConcurrentGCThread "G1 Young RemSet Sampling" [stack: 0x0000005037300000,0x0000005037400000] [id=10928]

Threads with active compile tasks:

VM state:at safepoint (normal execution)

VM Mutex/Monitor currently owned by a thread:  ([mutex/lock_event])
[0x000001c89b21a1b0] Threads_lock - owner thread: 0x000001c8b96fc800
[0x000001c89b219940] Heap_lock - owner thread: 0x000001c8ba95a000

Heap address: 0x0000000081400000, size: 2028 MB, Compressed Oops mode: 32-bit
Narrow klass base: 0x0000000000000000, Narrow klass shift: 3
Compressed class space size: 1073741824 Address: 0x0000000100000000

Heap:
 garbage-first heap   total 157696K, used 17580K [0x0000000081400000, 0x0000000100000000)
  region size 1024K, 9 young (9216K), 9 survivors (9216K)
 Metaspace       used 42612K, capacity 44186K, committed 44496K, reserved 1087488K
  class space    used 5393K, capacity 6029K, committed 6144K, reserved 1048576K
Heap Regions: E=young(eden), S=young(survivor), O=old, HS=humongous(starts), HC=humongous(continues), CS=collection set, F=free, A=archive, TAMS=top-at-mark-start (previous, next)
|   0|0x0000000081400000, 0x00000000814ffff8, 0x0000000081500000| 99%| O|  |TAMS 0x00000000814ffff8, 0x0000000081400000| Untracked 
|   1|0x0000000081500000, 0x0000000081600000, 0x0000000081600000|100%| O|  |TAMS 0x0000000081600000, 0x0000000081500000| Untracked 
|   2|0x0000000081600000, 0x0000000081700000, 0x0000000081700000|100%| O|  |TAMS 0x0000000081700000, 0x0000000081600000| Untracked 
|   3|0x0000000081700000, 0x0000000081800000, 0x0000000081800000|100%| O|  |TAMS 0x0000000081800000, 0x0000000081700000| Untracked 
|   4|0x0000000081800000, 0x0000000081900000, 0x0000000081900000|100%| O|  |TAMS 0x0000000081900000, 0x0000000081800000| Untracked 
|   5|0x0000000081900000, 0x0000000081a00000, 0x0000000081a00000|100%| O|  |TAMS 0x0000000081a00000, 0x0000000081900000| Untracked 
|   6|0x0000000081a00000, 0x0000000081b00000, 0x0000000081b00000|100%| O|  |TAMS 0x0000000081b00000, 0x0000000081a00000| Untracked 
|   7|0x0000000081b00000, 0x0000000081c00000, 0x0000000081c00000|100%| O|  |TAMS 0x0000000081b47c00, 0x0000000081b00000| Untracked 
|   8|0x0000000081c00000, 0x0000000081ca1200, 0x0000000081d00000| 62%| O|  |TAMS 0x0000000081c00000, 0x0000000081c00000| Untracked 
|   9|0x0000000081d00000, 0x0000000081d00000, 0x0000000081e00000|  0%| F|  |TAMS 0x0000000081d00000, 0x0000000081d00000| Untracked 
|  10|0x0000000081e00000, 0x0000000081e00000, 0x0000000081f00000|  0%| F|  |TAMS 0x0000000081e00000, 0x0000000081e00000| Untracked 
|  11|0x0000000081f00000, 0x0000000081f00000, 0x0000000082000000|  0%| F|  |TAMS 0x0000000081f00000, 0x0000000081f00000| Untracked 
|  12|0x0000000082000000, 0x0000000082000000, 0x0000000082100000|  0%| F|  |TAMS 0x0000000082000000, 0x0000000082000000| Untracked 
|  13|0x0000000082100000, 0x0000000082100000, 0x0000000082200000|  0%| F|  |TAMS 0x0000000082100000, 0x0000000082100000| Untracked 
|  14|0x0000000082200000, 0x0000000082200000, 0x0000000082300000|  0%| F|  |TAMS 0x0000000082200000, 0x0000000082200000| Untracked 
|  15|0x0000000082300000, 0x0000000082300000, 0x0000000082400000|  0%| F|  |TAMS 0x0000000082300000, 0x0000000082300000| Untracked 
|  16|0x0000000082400000, 0x0000000082400000, 0x0000000082500000|  0%| F|  |TAMS 0x0000000082400000, 0x0000000082400000| Untracked 
|  17|0x0000000082500000, 0x0000000082500000, 0x0000000082600000|  0%| F|  |TAMS 0x0000000082500000, 0x0000000082500000| Untracked 
|  18|0x0000000082600000, 0x0000000082600000, 0x0000000082700000|  0%| F|  |TAMS 0x0000000082600000, 0x0000000082600000| Untracked 
|  19|0x0000000082700000, 0x0000000082700000, 0x0000000082800000|  0%| F|  |TAMS 0x0000000082700000, 0x0000000082700000| Untracked 
|  20|0x0000000082800000, 0x0000000082800000, 0x0000000082900000|  0%| F|  |TAMS 0x0000000082800000, 0x0000000082800000| Untracked 
|  21|0x0000000082900000, 0x0000000082900000, 0x0000000082a00000|  0%| F|  |TAMS 0x0000000082900000, 0x0000000082900000| Untracked 
|  22|0x0000000082a00000, 0x0000000082a00000, 0x0000000082b00000|  0%| F|  |TAMS 0x0000000082a00000, 0x0000000082a00000| Untracked 
|  23|0x0000000082b00000, 0x0000000082b00000, 0x0000000082c00000|  0%| F|  |TAMS 0x0000000082b00000, 0x0000000082b00000| Untracked 
|  24|0x0000000082c00000, 0x0000000082c00000, 0x0000000082d00000|  0%| F|  |TAMS 0x0000000082c00000, 0x0000000082c00000| Untracked 
|  25|0x0000000082d00000, 0x0000000082d00000, 0x0000000082e00000|  0%| F|  |TAMS 0x0000000082d00000, 0x0000000082d00000| Untracked 
|  26|0x0000000082e00000, 0x0000000082e00000, 0x0000000082f00000|  0%| F|  |TAMS 0x0000000082e00000, 0x0000000082e00000| Untracked 
|  27|0x0000000082f00000, 0x0000000082f00000, 0x0000000083000000|  0%| F|  |TAMS 0x0000000082f00000, 0x0000000082f00000| Untracked 
|  28|0x0000000083000000, 0x0000000083000000, 0x0000000083100000|  0%| F|  |TAMS 0x0000000083000000, 0x0000000083000000| Untracked 
|  29|0x0000000083100000, 0x0000000083100000, 0x0000000083200000|  0%| F|  |TAMS 0x0000000083100000, 0x0000000083100000| Untracked 
|  30|0x0000000083200000, 0x0000000083200000, 0x0000000083300000|  0%| F|  |TAMS 0x0000000083200000, 0x0000000083200000| Untracked 
|  31|0x0000000083300000, 0x0000000083300000, 0x0000000083400000|  0%| F|  |TAMS 0x0000000083300000, 0x0000000083300000| Untracked 
|  32|0x0000000083400000, 0x0000000083400000, 0x0000000083500000|  0%| F|  |TAMS 0x0000000083400000, 0x0000000083400000| Untracked 
|  33|0x0000000083500000, 0x0000000083500000, 0x0000000083600000|  0%| F|  |TAMS 0x0000000083500000, 0x0000000083500000| Untracked 
|  34|0x0000000083600000, 0x0000000083600000, 0x0000000083700000|  0%| F|  |TAMS 0x0000000083600000, 0x0000000083600000| Untracked 
|  35|0x0000000083700000, 0x0000000083700000, 0x0000000083800000|  0%| F|  |TAMS 0x0000000083700000, 0x0000000083700000| Untracked 
|  36|0x0000000083800000, 0x0000000083800000, 0x0000000083900000|  0%| F|  |TAMS 0x0000000083800000, 0x0000000083800000| Untracked 
|  37|0x0000000083900000, 0x0000000083900000, 0x0000000083a00000|  0%| F|  |TAMS 0x0000000083900000, 0x0000000083900000| Untracked 
|  38|0x0000000083a00000, 0x0000000083a00000, 0x0000000083b00000|  0%| F|  |TAMS 0x0000000083a00000, 0x0000000083a00000| Untracked 
|  39|0x0000000083b00000, 0x0000000083b00000, 0x0000000083c00000|  0%| F|  |TAMS 0x0000000083b00000, 0x0000000083b00000| Untracked 
|  40|0x0000000083c00000, 0x0000000083c00000, 0x0000000083d00000|  0%| F|  |TAMS 0x0000000083c00000, 0x0000000083c00000| Untracked 
|  41|0x0000000083d00000, 0x0000000083d00000, 0x0000000083e00000|  0%| F|  |TAMS 0x0000000083d00000, 0x0000000083d00000| Untracked 
|  42|0x0000000083e00000, 0x0000000083e00000, 0x0000000083f00000|  0%| F|  |TAMS 0x0000000083e00000, 0x0000000083e00000| Untracked 
|  43|0x0000000083f00000, 0x0000000083f8a200, 0x0000000084000000| 53%| S|CS|TAMS 0x0000000083f00000, 0x0000000083f00000| Complete 
|  44|0x0000000084000000, 0x0000000084100000, 0x0000000084100000|100%| S|CS|TAMS 0x0000000084000000, 0x0000000084000000| Complete 
|  45|0x0000000084100000, 0x0000000084200000, 0x0000000084200000|100%| S|CS|TAMS 0x0000000084100000, 0x0000000084100000| Complete 
|  46|0x0000000084200000, 0x0000000084300000, 0x0000000084300000|100%| S|CS|TAMS 0x0000000084200000, 0x0000000084200000| Complete 
|  47|0x0000000084300000, 0x0000000084400000, 0x0000000084400000|100%| S|CS|TAMS 0x0000000084300000, 0x0000000084300000| Complete 
|  48|0x0000000084400000, 0x0000000084500000, 0x0000000084500000|100%| S|CS|TAMS 0x0000000084400000, 0x0000000084400000| Complete 
|  49|0x0000000084500000, 0x0000000084600000, 0x0000000084600000|100%| S|CS|TAMS 0x0000000084500000, 0x0000000084500000| Complete 
|  50|0x0000000084600000, 0x0000000084700000, 0x0000000084700000|100%| S|CS|TAMS 0x0000000084600000, 0x0000000084600000| Complete 
|  51|0x0000000084700000, 0x0000000084800000, 0x0000000084800000|100%| S|CS|TAMS 0x0000000084700000, 0x0000000084700000| Complete 
|  52|0x0000000084800000, 0x0000000084800000, 0x0000000084900000|  0%| F|  |TAMS 0x0000000084800000, 0x0000000084800000| Untracked 
|  53|0x0000000084900000, 0x0000000084900000, 0x0000000084a00000|  0%| F|  |TAMS 0x0000000084900000, 0x0000000084900000| Untracked 
|  54|0x0000000084a00000, 0x0000000084a00000, 0x0000000084b00000|  0%| F|  |TAMS 0x0000000084a00000, 0x0000000084a00000| Untracked 
|  55|0x0000000084b00000, 0x0000000084b00000, 0x0000000084c00000|  0%| F|  |TAMS 0x0000000084b00000, 0x0000000084b00000| Untracked 
|  56|0x0000000084c00000, 0x0000000084c00000, 0x0000000084d00000|  0%| F|  |TAMS 0x0000000084c00000, 0x0000000084c00000| Untracked 
|  57|0x0000000084d00000, 0x0000000084d00000, 0x0000000084e00000|  0%| F|  |TAMS 0x0000000084d00000, 0x0000000084d00000| Untracked 
|  58|0x0000000084e00000, 0x0000000084e00000, 0x0000000084f00000|  0%| F|  |TAMS 0x0000000084e00000, 0x0000000084e00000| Untracked 
|  59|0x0000000084f00000, 0x0000000084f00000, 0x0000000085000000|  0%| F|  |TAMS 0x0000000084f00000, 0x0000000084f00000| Untracked 
|  60|0x0000000085000000, 0x0000000085000000, 0x0000000085100000|  0%| F|  |TAMS 0x0000000085000000, 0x0000000085000000| Untracked 
|  61|0x0000000085100000, 0x0000000085100000, 0x0000000085200000|  0%| F|  |TAMS 0x0000000085100000, 0x0000000085100000| Untracked 
|  62|0x0000000085200000, 0x0000000085200000, 0x0000000085300000|  0%| F|  |TAMS 0x0000000085200000, 0x0000000085200000| Untracked 
|  63|0x0000000085300000, 0x0000000085300000, 0x0000000085400000|  0%| F|  |TAMS 0x0000000085300000, 0x0000000085300000| Untracked 
|  64|0x0000000085400000, 0x0000000085400000, 0x0000000085500000|  0%| F|  |TAMS 0x0000000085400000, 0x0000000085400000| Untracked 
|  65|0x0000000085500000, 0x0000000085500000, 0x0000000085600000|  0%| F|  |TAMS 0x0000000085500000, 0x0000000085500000| Untracked 
|  66|0x0000000085600000, 0x0000000085600000, 0x0000000085700000|  0%| F|  |TAMS 0x0000000085600000, 0x0000000085600000| Untracked 
|  67|0x0000000085700000, 0x0000000085700000, 0x0000000085800000|  0%| F|  |TAMS 0x0000000085700000, 0x0000000085700000| Untracked 
|  68|0x0000000085800000, 0x0000000085800000, 0x0000000085900000|  0%| F|  |TAMS 0x0000000085800000, 0x0000000085800000| Untracked 
|  69|0x0000000085900000, 0x0000000085900000, 0x0000000085a00000|  0%| F|  |TAMS 0x0000000085900000, 0x0000000085900000| Untracked 
|  70|0x0000000085a00000, 0x0000000085a00000, 0x0000000085b00000|  0%| F|  |TAMS 0x0000000085a00000, 0x0000000085a00000| Untracked 
|  71|0x0000000085b00000, 0x0000000085b00000, 0x0000000085c00000|  0%| F|  |TAMS 0x0000000085b00000, 0x0000000085b00000| Untracked 
|  72|0x0000000085c00000, 0x0000000085c00000, 0x0000000085d00000|  0%| F|  |TAMS 0x0000000085c00000, 0x0000000085c00000| Untracked 
|  73|0x0000000085d00000, 0x0000000085d00000, 0x0000000085e00000|  0%| F|  |TAMS 0x0000000085d00000, 0x0000000085d00000| Untracked 
|  74|0x0000000085e00000, 0x0000000085e00000, 0x0000000085f00000|  0%| F|  |TAMS 0x0000000085e00000, 0x0000000085e00000| Untracked 
|  75|0x0000000085f00000, 0x0000000085f00000, 0x0000000086000000|  0%| F|  |TAMS 0x0000000085f00000, 0x0000000085f00000| Untracked 
|  76|0x0000000086000000, 0x0000000086000000, 0x0000000086100000|  0%| F|  |TAMS 0x0000000086000000, 0x0000000086000000| Untracked 
|  77|0x0000000086100000, 0x0000000086100000, 0x0000000086200000|  0%| F|  |TAMS 0x0000000086100000, 0x0000000086100000| Untracked 
|  78|0x0000000086200000, 0x0000000086200000, 0x0000000086300000|  0%| F|  |TAMS 0x0000000086200000, 0x0000000086200000| Untracked 
|  79|0x0000000086300000, 0x0000000086300000, 0x0000000086400000|  0%| F|  |TAMS 0x0000000086300000, 0x0000000086300000| Untracked 
|  80|0x0000000086400000, 0x0000000086400000, 0x0000000086500000|  0%| F|  |TAMS 0x0000000086400000, 0x0000000086400000| Untracked 
|  81|0x0000000086500000, 0x0000000086500000, 0x0000000086600000|  0%| F|  |TAMS 0x0000000086500000, 0x0000000086500000| Untracked 
|  82|0x0000000086600000, 0x0000000086600000, 0x0000000086700000|  0%| F|  |TAMS 0x0000000086600000, 0x0000000086600000| Untracked 
|  83|0x0000000086700000, 0x0000000086700000, 0x0000000086800000|  0%| F|  |TAMS 0x0000000086700000, 0x0000000086700000| Untracked 
|  84|0x0000000086800000, 0x0000000086800000, 0x0000000086900000|  0%| F|  |TAMS 0x0000000086800000, 0x0000000086800000| Untracked 
|  85|0x0000000086900000, 0x0000000086900000, 0x0000000086a00000|  0%| F|  |TAMS 0x0000000086900000, 0x0000000086900000| Untracked 
|  86|0x0000000086a00000, 0x0000000086a00000, 0x0000000086b00000|  0%| F|  |TAMS 0x0000000086a00000, 0x0000000086a00000| Untracked 
|  87|0x0000000086b00000, 0x0000000086b00000, 0x0000000086c00000|  0%| F|  |TAMS 0x0000000086b00000, 0x0000000086b00000| Untracked 
|  88|0x0000000086c00000, 0x0000000086c00000, 0x0000000086d00000|  0%| F|  |TAMS 0x0000000086c00000, 0x0000000086c00000| Untracked 
|  89|0x0000000086d00000, 0x0000000086d00000, 0x0000000086e00000|  0%| F|  |TAMS 0x0000000086d00000, 0x0000000086d00000| Untracked 
|  90|0x0000000086e00000, 0x0000000086e00000, 0x0000000086f00000|  0%| F|  |TAMS 0x0000000086e00000, 0x0000000086e00000| Untracked 
|  91|0x0000000086f00000, 0x0000000086f00000, 0x0000000087000000|  0%| F|  |TAMS 0x0000000086f00000, 0x0000000086f00000| Untracked 
|  92|0x0000000087000000, 0x0000000087000000, 0x0000000087100000|  0%| F|  |TAMS 0x0000000087000000, 0x0000000087000000| Untracked 
|  93|0x0000000087100000, 0x0000000087100000, 0x0000000087200000|  0%| F|  |TAMS 0x0000000087100000, 0x0000000087100000| Untracked 
|  94|0x0000000087200000, 0x0000000087200000, 0x0000000087300000|  0%| F|  |TAMS 0x0000000087200000, 0x0000000087200000| Untracked 
|  95|0x0000000087300000, 0x0000000087300000, 0x0000000087400000|  0%| F|  |TAMS 0x0000000087300000, 0x0000000087300000| Untracked 
|  96|0x0000000087400000, 0x0000000087400000, 0x0000000087500000|  0%| F|  |TAMS 0x0000000087400000, 0x0000000087400000| Untracked 
|  97|0x0000000087500000, 0x0000000087500000, 0x0000000087600000|  0%| F|  |TAMS 0x0000000087500000, 0x0000000087500000| Untracked 
|  98|0x0000000087600000, 0x0000000087600000, 0x0000000087700000|  0%| F|  |TAMS 0x0000000087600000, 0x0000000087600000| Untracked 
|  99|0x0000000087700000, 0x0000000087700000, 0x0000000087800000|  0%| F|  |TAMS 0x0000000087700000, 0x0000000087700000| Untracked 
| 100|0x0000000087800000, 0x0000000087800000, 0x0000000087900000|  0%| F|  |TAMS 0x0000000087800000, 0x0000000087800000| Untracked 
| 101|0x0000000087900000, 0x0000000087900000, 0x0000000087a00000|  0%| F|  |TAMS 0x0000000087900000, 0x0000000087900000| Untracked 
| 102|0x0000000087a00000, 0x0000000087a00000, 0x0000000087b00000|  0%| F|  |TAMS 0x0000000087a00000, 0x0000000087a00000| Untracked 
| 103|0x0000000087b00000, 0x0000000087b00000, 0x0000000087c00000|  0%| F|  |TAMS 0x0000000087b00000, 0x0000000087b00000| Untracked 
| 104|0x0000000087c00000, 0x0000000087c00000, 0x0000000087d00000|  0%| F|  |TAMS 0x0000000087c00000, 0x0000000087c00000| Untracked 
| 105|0x0000000087d00000, 0x0000000087d00000, 0x0000000087e00000|  0%| F|  |TAMS 0x0000000087d00000, 0x0000000087d00000| Untracked 
| 106|0x0000000087e00000, 0x0000000087e00000, 0x0000000087f00000|  0%| F|  |TAMS 0x0000000087e00000, 0x0000000087e00000| Untracked 
| 107|0x0000000087f00000, 0x0000000087f00000, 0x0000000088000000|  0%| F|  |TAMS 0x0000000087f00000, 0x0000000087f00000| Untracked 
| 108|0x0000000088000000, 0x0000000088000000, 0x0000000088100000|  0%| F|  |TAMS 0x0000000088000000, 0x0000000088000000| Untracked 
| 109|0x0000000088100000, 0x0000000088100000, 0x0000000088200000|  0%| F|  |TAMS 0x0000000088100000, 0x0000000088100000| Untracked 
| 110|0x0000000088200000, 0x0000000088200000, 0x0000000088300000|  0%| F|  |TAMS 0x0000000088200000, 0x0000000088200000| Untracked 
| 111|0x0000000088300000, 0x0000000088300000, 0x0000000088400000|  0%| F|  |TAMS 0x0000000088300000, 0x0000000088300000| Untracked 
| 112|0x0000000088400000, 0x0000000088400000, 0x0000000088500000|  0%| F|  |TAMS 0x0000000088400000, 0x0000000088400000| Untracked 
| 113|0x0000000088500000, 0x0000000088500000, 0x0000000088600000|  0%| F|  |TAMS 0x0000000088500000, 0x0000000088500000| Untracked 
| 114|0x0000000088600000, 0x0000000088600000, 0x0000000088700000|  0%| F|  |TAMS 0x0000000088600000, 0x0000000088600000| Untracked 
| 115|0x0000000088700000, 0x0000000088700000, 0x0000000088800000|  0%| F|  |TAMS 0x0000000088700000, 0x0000000088700000| Untracked 
| 116|0x0000000088800000, 0x0000000088800000, 0x0000000088900000|  0%| F|  |TAMS 0x0000000088800000, 0x0000000088800000| Untracked 
| 117|0x0000000088900000, 0x0000000088900000, 0x0000000088a00000|  0%| F|  |TAMS 0x0000000088900000, 0x0000000088900000| Untracked 
| 118|0x0000000088a00000, 0x0000000088a00000, 0x0000000088b00000|  0%| F|  |TAMS 0x0000000088a00000, 0x0000000088a00000| Untracked 
| 119|0x0000000088b00000, 0x0000000088b00000, 0x0000000088c00000|  0%| F|  |TAMS 0x0000000088b00000, 0x0000000088b00000| Untracked 
| 120|0x0000000088c00000, 0x0000000088c00000, 0x0000000088d00000|  0%| F|  |TAMS 0x0000000088c00000, 0x0000000088c00000| Untracked 
| 121|0x0000000088d00000, 0x0000000088d00000, 0x0000000088e00000|  0%| F|  |TAMS 0x0000000088d00000, 0x0000000088d00000| Untracked 
| 122|0x0000000088e00000, 0x0000000088e00000, 0x0000000088f00000|  0%| F|  |TAMS 0x0000000088e00000, 0x0000000088e00000| Untracked 
| 123|0x0000000088f00000, 0x0000000088f00000, 0x0000000089000000|  0%| F|  |TAMS 0x0000000088f00000, 0x0000000088f00000| Untracked 
| 124|0x0000000089000000, 0x0000000089000000, 0x0000000089100000|  0%| F|  |TAMS 0x0000000089000000, 0x0000000089000000| Untracked 
| 125|0x0000000089100000, 0x0000000089100000, 0x0000000089200000|  0%| F|  |TAMS 0x0000000089100000, 0x0000000089100000| Untracked 
| 126|0x0000000089200000, 0x0000000089200000, 0x0000000089300000|  0%| F|  |TAMS 0x0000000089200000, 0x0000000089200000| Untracked 
| 127|0x0000000089300000, 0x0000000089300000, 0x0000000089400000|  0%| F|  |TAMS 0x0000000089300000, 0x0000000089300000| Untracked 

Card table byte_map: [0x000001c8b2ae0000,0x000001c8b2ee0000] _byte_map_base: 0x000001c8b26d6000

Marking Bits (Prev, Next): (CMBitMap*) 0x000001c89b25c9e8, (CMBitMap*) 0x000001c89b25ca20
 Prev Bits: [0x000001c8b32e0000, 0x000001c8b5290000)
 Next Bits: [0x000001c8b5290000, 0x000001c8b7240000)

Polling page: 0x000001c89aa00000

Metaspace:

Usage:
  Non-class:     37.26 MB capacity,    36.35 MB ( 98%) used,   768.86 KB (  2%) free+waste,   168.94 KB ( <1%) overhead. 
      Class:      5.89 MB capacity,     5.27 MB ( 89%) used,   550.95 KB (  9%) free+waste,    84.44 KB (  1%) overhead. 
       Both:     43.15 MB capacity,    41.61 MB ( 96%) used,     1.29 MB (  3%) free+waste,   253.38 KB ( <1%) overhead. 

Virtual space:
  Non-class space:       38.00 MB reserved,      37.45 MB ( 99%) committed 
      Class space:        1.00 GB reserved,       6.00 MB ( <1%) committed 
             Both:        1.04 GB reserved,      43.45 MB (  4%) committed 

Chunk freelists:
   Non-Class:  384 bytes
       Class:  2.38 KB
        Both:  2.75 KB

CodeHeap 'non-profiled nmethods': size=238912Kb used=6659Kb max_used=6659Kb free=232252Kb
 bounds [0x000001c8a3d90000, 0x000001c8a4420000, 0x000001c8b26e0000]
CodeHeap 'non-nmethods': size=6848Kb used=1182Kb max_used=1182Kb free=5665Kb
 bounds [0x000001c8a36e0000, 0x000001c8a3950000, 0x000001c8a3d90000]
 total_blobs=4723 nmethods=4192 adapters=457
 compilation: enabled
              stopped_count=0, restarted_count=0
 full_count=0

Compilation events (10 events):
Event: 13.364 Thread 0x000001c8b975c000 4188       1       org.springframework.beans.factory.support.ConstructorResolver::setCurrentInjectionPoint (32 bytes)
Event: 13.365 Thread 0x000001c8b975c000 nmethod 4188 0x000001c8a440f710 code [0x000001c8a440f8e0, 0x000001c8a440fb98]
Event: 13.365 Thread 0x000001c8b975c000 4190       1       org.springframework.core.convert.support.GenericConversionService::getConverter (106 bytes)
Event: 13.366 Thread 0x000001c8b975c000 nmethod 4190 0x000001c8a440fd90 code [0x000001c8a440ff80, 0x000001c8a4410348]
Event: 13.366 Thread 0x000001c8b975c000 4191       1       org.springframework.core.convert.support.GenericConversionService$ConverterCacheKey::<init> (15 bytes)
Event: 13.366 Thread 0x000001c8b975c000 nmethod 4191 0x000001c8a4410510 code [0x000001c8a44106a0, 0x000001c8a44107f8]
Event: 13.366 Thread 0x000001c8b975c000 4189       1       org.springframework.beans.GenericTypeAwarePropertyDescriptor::getWriteMethod (5 bytes)
Event: 13.366 Thread 0x000001c8b975c000 nmethod 4189 0x000001c8a4410890 code [0x000001c8a4410a20, 0x000001c8a4410ad8]
Event: 13.366 Thread 0x000001c8b975c000 4192       1       org.springframework.beans.PropertyValue::getValue (5 bytes)
Event: 13.366 Thread 0x000001c8b975c000 nmethod 4192 0x000001c8a4410b90 code [0x000001c8a4410d20, 0x000001c8a4410dd8]

GC Heap History (10 events):
Event: 4.004 GC heap after
{Heap after GC invocations=3 (full 0):
 garbage-first heap   total 131072K, used 6255K [0x0000000081400000, 0x0000000100000000)
  region size 1024K, 2 young (2048K), 2 survivors (2048K)
 Metaspace       used 16208K, capacity 16822K, committed 16896K, reserved 1064960K
  class space    used 1812K, capacity 2032K, committed 2048K, reserved 1048576K
}
Event: 5.125 GC heap before
{Heap before GC invocations=3 (full 0):
 garbage-first heap   total 131072K, used 30831K [0x0000000081400000, 0x0000000100000000)
  region size 1024K, 28 young (28672K), 2 survivors (2048K)
 Metaspace       used 20369K, capacity 21100K, committed 21296K, reserved 1069056K
  class space    used 2408K, capacity 2663K, committed 2688K, reserved 1048576K
}
Event: 5.133 GC heap after
{Heap after GC invocations=4 (full 0):
 garbage-first heap   total 131072K, used 7710K [0x0000000081400000, 0x0000000100000000)
  region size 1024K, 3 young (3072K), 3 survivors (3072K)
 Metaspace       used 20369K, capacity 21100K, committed 21296K, reserved 1069056K
  class space    used 2408K, capacity 2663K, committed 2688K, reserved 1048576K
}
Event: 6.428 GC heap before
{Heap before GC invocations=5 (full 0):
 garbage-first heap   total 131072K, used 52766K [0x0000000081400000, 0x0000000100000000)
  region size 1024K, 48 young (49152K), 3 survivors (3072K)
 Metaspace       used 27314K, capacity 28254K, committed 28544K, reserved 1075200K
  class space    used 3312K, capacity 3668K, committed 3712K, reserved 1048576K
}
Event: 6.438 GC heap after
{Heap after GC invocations=6 (full 0):
 garbage-first heap   total 131072K, used 9551K [0x0000000081400000, 0x0000000100000000)
  region size 1024K, 5 young (5120K), 5 survivors (5120K)
 Metaspace       used 27314K, capacity 28254K, committed 28544K, reserved 1075200K
  class space    used 3312K, capacity 3668K, committed 3712K, reserved 1048576K
}
Event: 8.882 GC heap before
{Heap before GC invocations=6 (full 0):
 garbage-first heap   total 131072K, used 68943K [0x0000000081400000, 0x0000000100000000)
  region size 1024K, 63 young (64512K), 5 survivors (5120K)
 Metaspace       used 31549K, capacity 32681K, committed 32768K, reserved 1077248K
  class space    used 3931K, capacity 4347K, committed 4352K, reserved 1048576K
}
Event: 8.897 GC heap after
{Heap after GC invocations=7 (full 0):
 garbage-first heap   total 131072K, used 11916K [0x0000000081400000, 0x0000000100000000)
  region size 1024K, 7 young (7168K), 7 survivors (7168K)
 Metaspace       used 31549K, capacity 32681K, committed 32768K, reserved 1077248K
  class space    used 3931K, capacity 4347K, committed 4352K, reserved 1048576K
}
Event: 10.109 GC heap before
{Heap before GC invocations=7 (full 0):
 garbage-first heap   total 131072K, used 45708K [0x0000000081400000, 0x0000000100000000)
  region size 1024K, 41 young (41984K), 7 survivors (7168K)
 Metaspace       used 34698K, capacity 35960K, committed 36048K, reserved 1081344K
  class space    used 4337K, capacity 4827K, committed 4864K, reserved 1048576K
}
Event: 10.128 GC heap after
{Heap after GC invocations=8 (full 0):
 garbage-first heap   total 131072K, used 13405K [0x0000000081400000, 0x0000000100000000)
  region size 1024K, 6 young (6144K), 6 survivors (6144K)
 Metaspace       used 34698K, capacity 35960K, committed 36048K, reserved 1081344K
  class space    used 4337K, capacity 4827K, committed 4864K, reserved 1048576K
}
Event: 13.367 GC heap before
{Heap before GC invocations=9 (full 0):
 garbage-first heap   total 131072K, used 85085K [0x0000000081400000, 0x0000000100000000)
  region size 1024K, 76 young (77824K), 6 survivors (6144K)
 Metaspace       used 42612K, capacity 44186K, committed 44496K, reserved 1087488K
  class space    used 5393K, capacity 6029K, committed 6144K, reserved 1048576K
}

Deoptimization events (0 events):
No events

Classes redefined (0 events):
No events

Internal exceptions (10 events):
Event: 12.112 Thread 0x000001c8bab1f800 Exception <a 'java/lang/ClassNotFoundException'{0x0000000086049be8}: org/springframework/context/ResourceLoaderAwareCustomizer> (0x0000000086049be8) thrown at [./open/src/hotspot/share/classfile/systemDictionary.cpp, line 228]
Event: 12.113 Thread 0x000001c8bab1f800 Exception <a 'java/lang/ClassNotFoundException'{0x00000000860582b0}: org/springframework/beans/factory/AwareCustomizer> (0x00000000860582b0) thrown at [./open/src/hotspot/share/classfile/systemDictionary.cpp, line 228]
Event: 12.114 Thread 0x000001c8bab1f800 Exception <a 'java/lang/ClassNotFoundException'{0x0000000086067178}: org/springframework/context/ApplicationContextAwareCustomizer> (0x0000000086067178) thrown at [./open/src/hotspot/share/classfile/systemDictionary.cpp, line 228]
Event: 12.115 Thread 0x000001c8bab1f800 Exception <a 'java/lang/ClassNotFoundException'{0x0000000086075d98}: org/springframework/beans/factory/AwareCustomizer> (0x0000000086075d98) thrown at [./open/src/hotspot/share/classfile/systemDictionary.cpp, line 228]
Event: 12.115 Thread 0x000001c8bab1f800 Exception <a 'java/lang/ClassNotFoundException'{0x0000000086084ec0}: org/springframework/web/context/ServletContextAwareCustomizer> (0x0000000086084ec0) thrown at [./open/src/hotspot/share/classfile/systemDictionary.cpp, line 228]
Event: 12.116 Thread 0x000001c8bab1f800 Exception <a 'java/lang/ClassNotFoundException'{0x00000000860939f0}: org/springframework/beans/factory/AwareCustomizer> (0x00000000860939f0) thrown at [./open/src/hotspot/share/classfile/systemDictionary.cpp, line 228]
Event: 12.397 Thread 0x000001c8bab1f800 Exception <a 'java/lang/NoSuchMethodError'{0x0000000085ae9998}: java.lang.invoke.DirectMethodHandle$Holder.invokeVirtual(Ljava/lang/Object;Ljava/lang/Object;I)V> (0x0000000085ae9998) thrown at [./open/src/hotspot/share/interpreter/linkResolver.cpp, line 7
Event: 12.403 Thread 0x000001c8bab1f800 Exception <a 'java/lang/NoSuchMethodError'{0x0000000085904798}: java.lang.invoke.DirectMethodHandle$Holder.invokeVirtual(Ljava/lang/Object;Ljava/lang/Object;J)V> (0x0000000085904798) thrown at [./open/src/hotspot/share/interpreter/linkResolver.cpp, line 7
Event: 12.775 Thread 0x000001c8bab1f800 Exception <a 'java/lang/IncompatibleClassChangeError'{0x00000000851abb50}: Found class java.lang.Object, but interface was expected> (0x00000000851abb50) thrown at [./open/src/hotspot/share/interpreter/linkResolver.cpp, line 838]
Event: 12.874 Thread 0x000001c8bab1f800 Exception <a 'java/lang/NoSuchMethodError'{0x0000000084f99ae8}: java.lang.invoke.DirectMethodHandle$Holder.invokeStaticInit(Ljava/lang/Object;Ljava/lang/Object;Ljava/lang/Object;Ljava/lang/Object;)I> (0x0000000084f99ae8) thrown at [./open/src/hotspot/shar

Events (10 events):
Event: 13.354 loading class org/springframework/boot/devtools/restart/Restarter$LeakSafeThreadFactory
Event: 13.354 loading class org/springframework/boot/devtools/restart/Restarter$LeakSafeThreadFactory done
Event: 13.355 Thread 0x000001c8ba95c800 Thread added: 0x000001c8ba95c800
Event: 13.358 Thread 0x000001c8ba95a000 Thread added: 0x000001c8ba95a000
Event: 13.358 Thread 0x000001c8ba95c800 Thread exited: 0x000001c8ba95c800
Event: 13.360 loading class sun/reflect/misc/MethodUtil
Event: 13.361 loading class sun/reflect/misc/MethodUtil done
Event: 13.361 loading class sun/reflect/misc/MethodUtil$1
Event: 13.361 loading class sun/reflect/misc/MethodUtil$1 done
Event: 13.367 Executing VM operation: G1CollectForAllocation


Dynamic libraries:
0x00007ff7a1920000 - 0x00007ff7a192f000 	D:\Program Files\Java\jdk-11.0.12\bin\javaw.exe
0x00007ffd196b0000 - 0x00007ffd198a5000 	C:\WINDOWS\SYSTEM32\ntdll.dll
0x00007ffd18930000 - 0x00007ffd189ee000 	C:\WINDOWS\System32\KERNEL32.DLL
0x00007ffd17420000 - 0x00007ffd176e8000 	C:\WINDOWS\System32\KERNELBASE.dll
0x00007ffd16dc0000 - 0x00007ffd16ec0000 	C:\WINDOWS\System32\ucrtbase.dll
0x00007ffcf2ed0000 - 0x00007ffcf2ee8000 	D:\Program Files\Java\jdk-11.0.12\bin\jli.dll
0x00007ffd17fb0000 - 0x00007ffd1805c000 	C:\WINDOWS\System32\ADVAPI32.dll
0x00007ffd18c00000 - 0x00007ffd18c9e000 	C:\WINDOWS\System32\msvcrt.dll
0x00007ffd182e0000 - 0x00007ffd1837b000 	C:\WINDOWS\System32\sechost.dll
0x00007ffd18800000 - 0x00007ffd1892a000 	C:\WINDOWS\System32\RPCRT4.dll
0x00007ffd17d40000 - 0x00007ffd17ee1000 	C:\WINDOWS\System32\USER32.dll
0x00007ffd17010000 - 0x00007ffd17032000 	C:\WINDOWS\System32\win32u.dll
0x00007ffd18e50000 - 0x00007ffd18e7b000 	C:\WINDOWS\System32\GDI32.dll
0x00007ffd171b0000 - 0x00007ffd172bd000 	C:\WINDOWS\System32\gdi32full.dll
0x00007ffd16f70000 - 0x00007ffd1700d000 	C:\WINDOWS\System32\msvcp_win.dll
0x00007ffcf1320000 - 0x00007ffcf1335000 	D:\Program Files\Java\jdk-11.0.12\bin\VCRUNTIME140.dll
0x00007ffd00240000 - 0x00007ffd004da000 	C:\WINDOWS\WinSxS\amd64_microsoft.windows.common-controls_6595b64144ccf1df_6.0.19041.1110_none_60b5254171f9507e\COMCTL32.dll
0x00007ffd0a010000 - 0x00007ffd0a01a000 	C:\WINDOWS\SYSTEM32\VERSION.dll
0x00007ffd18dc0000 - 0x00007ffd18df0000 	C:\WINDOWS\System32\IMM32.DLL
0x00007ffcef570000 - 0x00007ffcef60b000 	D:\Program Files\Java\jdk-11.0.12\bin\msvcp140.dll
0x00007ffcec550000 - 0x00007ffced04f000 	D:\Program Files\Java\jdk-11.0.12\bin\server\jvm.dll
0x00007ffd18bf0000 - 0x00007ffd18bf8000 	C:\WINDOWS\System32\PSAPI.DLL
0x00007ffd15530000 - 0x00007ffd15539000 	C:\WINDOWS\SYSTEM32\WSOCK32.dll
0x00007ffd18190000 - 0x00007ffd181fb000 	C:\WINDOWS\System32\WS2_32.dll
0x00007ffd03060000 - 0x00007ffd03087000 	C:\WINDOWS\SYSTEM32\WINMM.dll
0x00007ffd15690000 - 0x00007ffd156a2000 	C:\WINDOWS\SYSTEM32\kernel.appcore.dll
0x00007ffd138d0000 - 0x00007ffd138e0000 	D:\Program Files\Java\jdk-11.0.12\bin\verify.dll
0x00007ffd15320000 - 0x00007ffd15504000 	C:\WINDOWS\SYSTEM32\DBGHELP.DLL
0x00007ffd07e00000 - 0x00007ffd07e2c000 	C:\WINDOWS\SYSTEM32\dbgcore.DLL
0x00007ffd170f0000 - 0x00007ffd17172000 	C:\WINDOWS\System32\bcryptPrimitives.dll
0x00007ffd0fc50000 - 0x00007ffd0fc78000 	D:\Program Files\Java\jdk-11.0.12\bin\java.dll
0x00007ffd124d0000 - 0x00007ffd124da000 	D:\Program Files\Java\jdk-11.0.12\bin\jimage.dll
0x00007ffd10600000 - 0x00007ffd10616000 	D:\Program Files\Java\jdk-11.0.12\bin\zip.dll
0x00007ffd18ee0000 - 0x00007ffd19624000 	C:\WINDOWS\System32\SHELL32.dll
0x00007ffd14ab0000 - 0x00007ffd15244000 	C:\WINDOWS\SYSTEM32\windows.storage.dll
0x00007ffd176f0000 - 0x00007ffd17a45000 	C:\WINDOWS\System32\combase.dll
0x00007ffd16740000 - 0x00007ffd1676e000 	C:\WINDOWS\SYSTEM32\Wldp.dll
0x00007ffd18a70000 - 0x00007ffd18b1d000 	C:\WINDOWS\System32\SHCORE.dll
0x00007ffd17ef0000 - 0x00007ffd17f45000 	C:\WINDOWS\System32\shlwapi.dll
0x00007ffd16d00000 - 0x00007ffd16d1f000 	C:\WINDOWS\SYSTEM32\profapi.dll
0x00007ffd10110000 - 0x00007ffd10129000 	D:\Program Files\Java\jdk-11.0.12\bin\net.dll
0x00007ffd0a630000 - 0x00007ffd0a73c000 	C:\WINDOWS\SYSTEM32\WINHTTP.dll
0x00007ffd164a0000 - 0x00007ffd1650a000 	C:\WINDOWS\system32\mswsock.dll
0x00007ffd0fc30000 - 0x00007ffd0fc42000 	D:\Program Files\Java\jdk-11.0.12\bin\nio.dll
0x00007ffd10550000 - 0x00007ffd10559000 	D:\Program Files\Java\jdk-11.0.12\bin\management.dll
0x00007ffd0faf0000 - 0x00007ffd0fafb000 	D:\Program Files\Java\jdk-11.0.12\bin\management_ext.dll
0x00007ffcfd6b0000 - 0x00007ffcfd6c7000 	C:\WINDOWS\system32\napinsp.dll
0x00007ffcfc8b0000 - 0x00007ffcfc8cb000 	C:\WINDOWS\system32\pnrpnsp.dll
0x00007ffd112e0000 - 0x00007ffd112f5000 	C:\WINDOWS\system32\wshbth.dll
0x00007ffd11f40000 - 0x00007ffd11f5d000 	C:\WINDOWS\system32\NLAapi.dll
0x00007ffd16190000 - 0x00007ffd161cb000 	C:\WINDOWS\SYSTEM32\IPHLPAPI.DLL
0x00007ffd161d0000 - 0x00007ffd1629b000 	C:\WINDOWS\SYSTEM32\DNSAPI.dll
0x00007ffd19630000 - 0x00007ffd19638000 	C:\WINDOWS\System32\NSI.dll
0x00007ffcfb570000 - 0x00007ffcfb582000 	C:\WINDOWS\System32\winrnr.dll
0x00007ffd05500000 - 0x00007ffd0550a000 	C:\Windows\System32\rasadhlp.dll
0x00007ffd08fe0000 - 0x00007ffd0905f000 	C:\WINDOWS\System32\fwpuclnt.dll
0x00007ffd17180000 - 0x00007ffd171a7000 	C:\WINDOWS\System32\bcrypt.dll
0x00007ffd166a0000 - 0x00007ffd166b8000 	C:\WINDOWS\SYSTEM32\CRYPTSP.dll
0x00007ffd15e20000 - 0x00007ffd15e54000 	C:\WINDOWS\system32\rsaenh.dll
0x00007ffd16cc0000 - 0x00007ffd16cee000 	C:\WINDOWS\SYSTEM32\USERENV.dll
0x00007ffd16690000 - 0x00007ffd1669c000 	C:\WINDOWS\SYSTEM32\CRYPTBASE.dll
0x00007ffd0ab60000 - 0x00007ffd0ab77000 	C:\WINDOWS\SYSTEM32\dhcpcsvc6.DLL
0x00007ffd0ae60000 - 0x00007ffd0ae7d000 	C:\WINDOWS\SYSTEM32\dhcpcsvc.DLL

dbghelp: loaded successfully - version: 4.0.5 - missing functions: none
symbol engine: initialized successfully - sym options: 0x614 - pdb path: .;D:\Program Files\Java\jdk-11.0.12\bin;C:\WINDOWS\SYSTEM32;C:\WINDOWS\WinSxS\amd64_microsoft.windows.common-controls_6595b64144ccf1df_6.0.19041.1110_none_60b5254171f9507e;D:\Program Files\Java\jdk-11.0.12\bin\server

VM Arguments:
jvm_args: -Dcom.sun.management.jmxremote -Dcom.sun.management.jmxremote.port=2126 -Dcom.sun.management.jmxremote.authenticate=false -Dcom.sun.management.jmxremote.ssl=false -Djava.rmi.server.hostname=localhost -Dspring.jmx.enabled=true -Dspring.application.admin.enabled=true -XX:TieredStopAtLevel=1 -Dspring.boot.project.name=final_pj -Dfile.encoding=UTF-8 
java_command: com.project.board.BoardApplication --spring.output.ansi.enabled=always
java_class_path (initial): C:\Users\營躡git\final_pj\target\classes;C:\Users\營躡.m2\repository\org\springframework\boot\spring-boot-starter-jdbc\2.6.3\spring-boot-starter-jdbc-2.6.3.jar;C:\Users\營躡.m2\repository\org\springframework\boot\spring-boot-starter\2.6.3\spring-boot-starter-2.6.3.jar;C:\Users\營躡.m2\repository\org\springframework\boot\spring-boot-starter-logging\2.6.3\spring-boot-starter-logging-2.6.3.jar;C:\Users\營躡.m2\repository\ch\qos\logback\logback-classic\1.2.10\logback-classic-1.2.10.jar;C:\Users\營躡.m2\repository\ch\qos\logback\logback-core\1.2.10\logback-core-1.2.10.jar;C:\Users\營躡.m2\repository\org\apache\logging\log4j\log4j-to-slf4j\2.17.1\log4j-to-slf4j-2.17.1.jar;C:\Users\營躡.m2\repository\org\apache\logging\log4j\log4j-api\2.17.1\log4j-api-2.17.1.jar;C:\Users\營躡.m2\repository\org\slf4j\jul-to-slf4j\1.7.33\jul-to-slf4j-1.7.33.jar;C:\Users\營躡.m2\repository\org\yaml\snakeyaml\1.29\snakeyaml-1.29.jar;C:\Users\營躡.m2\repository\com\zaxxer\HikariCP\4.0.3\HikariCP-4.0.3.jar;C:\Users\營躡.m2\repository\org\slf4j\slf4j-api\1.7.33\slf4j-api-1.7.33.jar;C:\Users\營躡.m2\repository\org\springframework\spring-jdbc\5.3.15\spring-jdbc-5.3.15.jar;C:\Users\營躡.m2\repository\org\springframework\spring-beans\5.3.15\spring-beans-5.3.15.jar;C:\Users\營躡.m2\repository\org\springframework\spring-tx\5.3.15\spring-tx-5.3.15.jar;C:\Users\營躡.m2\repository\org\springframework\boot\spring-boot-starter-web\2.6.3\spring-boot-starter-web-2.6.3.jar;C:\Users\營躡.m2\repository\org\springframework\boot\spring-boot-starter-json\2.6.3\spring-boot-starter-json-2.6.3.jar;C:\Users\營躡.m2\repository\com\fasterxml\jackson\core\jackson-databind\2.13.1\jackson-databind-2.13.1.jar;C:\Users\營躡.m2\repository\com\fasterxml\jackson\core\jackson-annotations\2.13.1\jackson-annotations-2.13.1.jar;C:\Users\營躡.m2\repository\com\fasterxml\jackson\core\jackson-core\2.13.1\jackson-core-2.13.1.jar;C:\Users\營躡.m2\repository\com\fasterxml\jackson\datatype\
Launcher Type: SUN_STANDARD

[Global flags]
     intx CICompilerCount                          = 3                                         {product} {ergonomic}
     uint ConcGCThreads                            = 1                                         {product} {ergonomic}
     uint G1ConcRefinementThreads                  = 4                                         {product} {ergonomic}
   size_t G1HeapRegionSize                         = 1048576                                   {product} {ergonomic}
    uintx GCDrainStackTargetSize                   = 64                                        {product} {ergonomic}
   size_t InitialHeapSize                          = 134217728                                 {product} {ergonomic}
     bool ManagementServer                         = true                                      {product} {command line}
   size_t MarkStackSize                            = 4194304                                   {product} {ergonomic}
   size_t MaxHeapSize                              = 2126512128                                {product} {ergonomic}
   size_t MaxNewSize                               = 1275068416                                {product} {ergonomic}
   size_t MinHeapDeltaBytes                        = 1048576                                   {product} {ergonomic}
    uintx NonNMethodCodeHeapSize                   = 6973028                                {pd product} {ergonomic}
    uintx NonProfiledCodeHeapSize                  = 244685212                              {pd product} {ergonomic}
    uintx ProfiledCodeHeapSize                     = 0                                      {pd product} {ergonomic}
    uintx ReservedCodeCacheSize                    = 251658240                              {pd product} {ergonomic}
     bool SegmentedCodeCache                       = true                                      {product} {ergonomic}
     intx TieredStopAtLevel                        = 1                                         {product} {command line}
     bool UseCompressedClassPointers               = true                                 {lp64_product} {ergonomic}
     bool UseCompressedOops                        = true                                 {lp64_product} {ergonomic}
     bool UseG1GC                                  = true                                      {product} {ergonomic}
     bool UseLargePagesIndividualAllocation        = false                                  {pd product} {ergonomic}

Logging:
Log output configuration:
 #0: stdout all=warning uptime,level,tags
 #1: stderr all=off uptime,level,tags

Environment Variables:
JAVA_HOME=D:\Program Files\Java\jdk-11.0.12
CLASSPATH=D:\Program Files\Java\jdk-11.0.12\lib
PATH=D:/Program Files/Java/jdk-11.0.12/bin/server;D:/Program Files/Java/jdk-11.0.12/bin;C:\Program Files\Common Files\Oracle\Java\javapath;C:\Program Files\AdoptOpenJDK\jdk-8.0.202.08\bin;C:\WINDOWS\system32;C:\WINDOWS;C:\WINDOWS\System32\Wbem;"C:\WINDOWS\System32\WindowsPowerShell\v1.0\;D:\Program Files\Java\jdk-11.0.12\bin;";C:\WINDOWS\System32\OpenSSH\;C:\WINDOWS\System32\WindowsPowerShell\v1.0\;D:\Program Files\Java\jdk-11.0.12\bin;D:\Program Files\nodejs\;D:\Program Files\Git\cmd;C:\Users\營躡AppData\Local\Microsoft\WindowsApps;C:\Users\營躡AppData\Local\atom\bin;C:\Users\營躡AppData\Local\Microsoft\WindowsApps;C:\Program Files\MySQL\MySQL Server 8.0\bin;;D:\Users\營躡AppData\Local\Programs\Microsoft VS Code\bin;C:\Users\營躡AppData\Roaming\npm;D:\sts-4.13.0.RELEASE;
USERNAME=營
OS=Windows_NT
PROCESSOR_IDENTIFIER=Intel64 Family 6 Model 61 Stepping 4, GenuineIntel



---------------  S Y S T E M  ---------------

OS: Windows 10 , 64 bit Build 19041 (10.0.19041.1348)

CPU:total 4 (initial active 4) (2 cores per cpu, 2 threads per core) family 6 model 61 stepping 4 microcode 0x2d, cmov, cx8, fxsr, mmx, sse, sse2, sse3, ssse3, sse4.1, sse4.2, popcnt, avx, avx2, aes, clmul, erms, 3dnowpref, lzcnt, ht, tsc, tscinvbit, bmi1, bmi2, adx, fma

Memory: 4k page, system-wide physical 8106M (1475M free)
TotalPageFile size 13487M (AvailPageFile size 11M)
current process WorkingSet (physical memory assigned to process): 189M, peak: 189M
current process commit charge ("private bytes"): 258M, peak: 284M

vm_info: Java HotSpot(TM) 64-Bit Server VM (11.0.12+8-LTS-237) for windows-amd64 JRE (11.0.12+8-LTS-237), built on Jun  8 2021 11:25:59 by "mach5one" with MS VC++ 15.9 (VS2017)

END.
